Client (PID: 30122): Reading commands from 'client_02.txt'
Client (PID: 30122): Contacting server via FIFO 'AdaBank'...
Client (PID: 30122): Sending PID to server.
Client (PID: 30122): Created FIFOs: /tmp/bank_30122_req (req), /tmp/bank_30122_res (res)
Client (PID: 30122): Processing commands...
Client (PID: 30122): Sending cmd #1: 'N deposit 1000'
Client (PID: 30122): Waiting for response #1...
Client Response: OK Account created. BankID_0 balance=1000
Client (PID: 30122): Sending cmd #2: 'BankID_2 deposit 300'
Client (PID: 30122): Waiting for response #2...
Client Response: FAIL operation failed (invalid account or server error) BankID_2
Client (PID: 30122): Sending cmd #3: 'BankID_999 withdraw 50'
Client (PID: 30122): Waiting for response #3...
Client Response: FAIL operation failed (invalid account or server error) BankID_999
Client (PID: 30122): Sending cmd #4: 'BankID_2 withdraw 2000'
Client (PID: 30122): Waiting for response #4...
Client Response: FAIL operation failed (invalid account or server error) BankID_2
Client (PID: 30122): Sending cmd #5: 'BankID_2 withdraw 500'
Client (PID: 30122): Waiting for response #5...
Client Response: FAIL operation failed (invalid account or server error) BankID_2
Client (PID: 30122): Sending cmd #6: 'BankID_2 deposit'
Client (PID: 30122): Waiting for response #6...
Client Response: FAIL Protocol error: bad format 'BankID_2 deposit'
Client (PID: 30122): Sending cmd #7: 'BankID_2 transfer 100'
Client (PID: 30122): Waiting for response #7...
Client Response: FAIL Protocol error: unknown operation 'transfer'
Client (PID: 30122): Command file processed. Cleaning up.
Client (PID: 30122): Finished.
